<?xml version="1.0" encoding="UTF-8"?>
<testng-results skipped="0" failed="1" ignored="0" total="1" passed="0">
  <reporter-output>
  </reporter-output>
  <suite name="Suite" duration-ms="39593" started-at="2019-07-01T16:47:53Z" finished-at="2019-07-01T16:48:32Z">
    <groups>
    </groups>
    <test name="FirstTest" duration-ms="39593" started-at="2019-07-01T16:47:53Z" finished-at="2019-07-01T16:48:32Z">
      <class name="com.logigear.test.ta_dashboard.testcases.DataProfileTest_Tien">
        <test-method status="PASS" signature="beforeMethod(java.lang.String, java.lang.reflect.Method, org.testng.ITestContext)[pri:0, instance:com.logigear.test.ta_dashboard.testcases.DataProfileTest_Tien@5c3bd550]" name="beforeMethod" is-config="true" duration-ms="3360" started-at="2019-07-01T16:47:53Z" finished-at="2019-07-01T16:47:56Z">
          <params>
            <param index="0">
              <value>
                <![CDATA[windows-chrome]]>
              </value>
            </param>
            <param index="1">
              <value>
                <![CDATA[public void com.logigear.test.ta_dashboard.testcases.DataProfileTest_Tien.DA_DP_TC095()]]>
              </value>
            </param>
            <param index="2">
              <value>
                <![CDATA[org.testng.TestRunner@5f9d02cb]]>
              </value>
            </param>
          </params>
          <reporter-output>
          </reporter-output>
        </test-method> <!-- beforeMethod -->
        <test-method status="FAIL" signature="DA_DP_TC095()[pri:0, instance:com.logigear.test.ta_dashboard.testcases.DataProfileTest_Tien@5c3bd550]" name="DA_DP_TC095" duration-ms="35454" started-at="2019-07-01T16:47:56Z" finished-at="2019-07-01T16:48:31Z">
          <exception class="org.openqa.selenium.TimeoutException">
            <message>
              <![CDATA[Expected condition failed: waiting for element to no longer be visible: By.xpath: //td[@class='profilesettingheader' and text()='Statistic Fields'] (tried for 30 second(s) with 500 milliseconds interval)
Build info: version: '3.14.0', revision: 'aacccce0', time: '2018-08-02T20:19:58.91Z'
System info: host: 'HAYABUSA', ip: '192.168.161.2', os.name: 'Windows 10', os.arch: 'amd64', os.version: '10.0', java.version: '1.8.0_111'
Driver info: org.openqa.selenium.chrome.ChromeDriver
Capabilities {acceptInsecureCerts: false, acceptSslCerts: false, applicationCacheEnabled: false, browserConnectionEnabled: false, browserName: chrome, chrome: {chromedriverVersion: 2.41.578737 (49da6702b16031..., userDataDir: C:\Users\Tien\AppData\Local...}, cssSelectorsEnabled: true, databaseEnabled: false, goog:chromeOptions: {debuggerAddress: localhost:52173}, handlesAlerts: true, hasTouchScreen: false, javascriptEnabled: true, locationContextEnabled: true, mobileEmulationEnabled: false, nativeEvents: true, networkConnectionEnabled: false, pageLoadStrategy: normal, platform: XP, platformName: XP, rotatable: false, setWindowRect: true, takesHeapSnapshot: true, takesScreenshot: true, unexpectedAlertBehaviour: , unhandledPromptBehavior: , version: 75.0.3770.100, webStorageEnabled: true}
Session ID: ae12c880e2dc807b611fa9fc0f17d2dc]]>
            </message>
            <full-stacktrace>
              <![CDATA[org.openqa.selenium.TimeoutException: Expected condition failed: waiting for element to no longer be visible: By.xpath: //td[@class='profilesettingheader' and text()='Statistic Fields'] (tried for 30 second(s) with 500 milliseconds interval)
Build info: version: '3.14.0', revision: 'aacccce0', time: '2018-08-02T20:19:58.91Z'
System info: host: 'HAYABUSA', ip: '192.168.161.2', os.name: 'Windows 10', os.arch: 'amd64', os.version: '10.0', java.version: '1.8.0_111'
Driver info: org.openqa.selenium.chrome.ChromeDriver
Capabilities {acceptInsecureCerts: false, acceptSslCerts: false, applicationCacheEnabled: false, browserConnectionEnabled: false, browserName: chrome, chrome: {chromedriverVersion: 2.41.578737 (49da6702b16031..., userDataDir: C:\Users\Tien\AppData\Local...}, cssSelectorsEnabled: true, databaseEnabled: false, goog:chromeOptions: {debuggerAddress: localhost:52173}, handlesAlerts: true, hasTouchScreen: false, javascriptEnabled: true, locationContextEnabled: true, mobileEmulationEnabled: false, nativeEvents: true, networkConnectionEnabled: false, pageLoadStrategy: normal, platform: XP, platformName: XP, rotatable: false, setWindowRect: true, takesHeapSnapshot: true, takesScreenshot: true, unexpectedAlertBehaviour: , unhandledPromptBehavior: , version: 75.0.3770.100, webStorageEnabled: true}
Session ID: ae12c880e2dc807b611fa9fc0f17d2dc
at org.openqa.selenium.support.ui.WebDriverWait.timeoutException(WebDriverWait.java:113)
at org.openqa.selenium.support.ui.FluentWait.until(FluentWait.java:283)
at com.logigear.testfw.driver.BaseDriver.waitForInvisibility(BaseDriver.java:125)
at com.logigear.testfw.element.BaseElement.waitForDisappear(BaseElement.java:86)
at com.logigear.testfw.element.Element.waitForDisappear(Element.java:1)
at com.logigear.test.ta_dashboard.pom.DPGeneralSettingsPage.gotoDataProfileSettingsPage(DPGeneralSettingsPage.java:84)
at com.logigear.test.ta_dashboard.pom.DPDisplayFieldsPage.gotoDataProfileSettingsPage(DPDisplayFieldsPage.java:104)
at com.logigear.test.ta_dashboard.testcases.DataProfileTest_Tien.DA_DP_TC095(DataProfileTest_Tien.java:36)
at sun.reflect.NativeMethodAccessorImpl.invoke0(Native Method)
at sun.reflect.NativeMethodAccessorImpl.invoke(NativeMethodAccessorImpl.java:62)
at sun.reflect.DelegatingMethodAccessorImpl.invoke(DelegatingMethodAccessorImpl.java:43)
at java.lang.reflect.Method.invoke(Method.java:498)
at org.testng.internal.MethodInvocationHelper.invokeMethod(MethodInvocationHelper.java:124)
at org.testng.internal.Invoker.invokeMethod(Invoker.java:583)
at org.testng.internal.Invoker.invokeTestMethod(Invoker.java:719)
at org.testng.internal.Invoker.invokeTestMethods(Invoker.java:989)
at org.testng.internal.TestMethodWorker.invokeTestMethods(TestMethodWorker.java:125)
at org.testng.internal.TestMethodWorker.run(TestMethodWorker.java:109)
at java.util.concurrent.ThreadPoolExecutor.runWorker(ThreadPoolExecutor.java:1142)
at java.util.concurrent.ThreadPoolExecutor$Worker.run(ThreadPoolExecutor.java:617)
at java.lang.Thread.run(Thread.java:745)
]]>
            </full-stacktrace>
          </exception> <!-- org.openqa.selenium.TimeoutException -->
          <reporter-output>
          </reporter-output>
        </test-method> <!-- DA_DP_TC095 -->
        <test-method status="PASS" signature="cleanUp(org.testng.ITestResult)[pri:0, instance:com.logigear.test.ta_dashboard.testcases.DataProfileTest_Tien@5c3bd550]" name="cleanUp" is-config="true" duration-ms="733" started-at="2019-07-01T16:48:31Z" finished-at="2019-07-01T16:48:32Z">
          <params>
            <param index="0">
              <value>
                <![CDATA[[TestResult name=DA_DP_TC095 status=FAILURE method=DataProfileTest_Tien.DA_DP_TC095()[pri:0, instance:com.logigear.test.ta_dashboard.testcases.DataProfileTest_Tien@5c3bd550] output={null}]]]>
              </value>
            </param>
          </params>
          <reporter-output>
          </reporter-output>
        </test-method> <!-- cleanUp -->
      </class> <!-- com.logigear.test.ta_dashboard.testcases.DataProfileTest_Tien -->
    </test> <!-- FirstTest -->
  </suite> <!-- Suite -->
</testng-results>
